Started at Wed Apr 20 13:12:30 UTC 2022
Processing apache tomcat install
Offering apache tomcat install to Project Build Discarder
Processing first
Offering first to Project Build Discarder
Processing maven
Offering maven to Project Build Discarder
Processing my first pipeline job
Offering my first pipeline job to Project Build Discarder
Processing practice pipeline
Offering practice pipeline to Project Build Discarder
Processing script
Offering script to Project Build Discarder
Finished at Wed Apr 20 13:12:30 UTC 2022. 8ms
Started at Wed Apr 20 14:12:30 UTC 2022
Processing apache tomcat install
Offering apache tomcat install to Project Build Discarder
Processing first
Offering first to Project Build Discarder
Processing maven
Offering maven to Project Build Discarder
Processing my first pipeline job
Offering my first pipeline job to Project Build Discarder
Processing practice pipeline
Offering practice pipeline to Project Build Discarder
Processing script
Offering script to Project Build Discarder
Processing scripted pipeline
Offering scripted pipeline to Project Build Discarder
Finished at Wed Apr 20 14:12:30 UTC 2022. 3ms
